[frix.themes95.com/index.html]
[backblue.gif]
[fade.gif]
[index.html]
[frix.themes95.com/images/favicon.png]
[frix.themes95.com/images/apple-touch-icon-57x57.png]
[frix.themes95.com/images/apple-touch-icon-72x72.png]
[frix.themes95.com/images/apple-touch-icon-114x114.png]
[frix.themes95.com/index-2.html]
[frix.themes95.com/images/logo-bright.png]
[frix.themes95.com/images/logo-dark.png]
[frix.themes95.com/images/sd1.jpg]
[frix.themes95.com/images/sign.png]
[frix.themes95.com/images/author.jpg]
[frix.themes95.com/images/book.png]
[frix.themes95.com/images/testi1.jpg]
[frix.themes95.com/images/testi2.jpg]
[frix.themes95.com/images/testi3.jpg]
[frix.themes95.com/images/testi4.jpg]
[frix.themes95.com/images/blog1.jpg]
[frix.themes95.com/images/blog2.jpg]
[frix.themes95.com/images/blog3.jpg]
[frix.themes95.com/js/jquery.min.js]
[frix.themes95.com/js/bootstrap.js]
[frix.themes95.com/js/jquery.easing.1.3.js]
[frix.themes95.com/js/jquery.viewport.mini.js]
[frix.themes95.com/js/smooth-scroll.js]
[frix.themes95.com/js/jquery.appear.js]
[frix.themes95.com/js/page-scroll.js]
[frix.themes95.com/js/jquery.parallax-1.1.3.js]
[frix.themes95.com/js/wow.min.js]
[frix.themes95.com/js/jquery.countTo.js]
[frix.themes95.com/js/main.js]
[frix.themes95.com/index.html]
[frix.themes95.com/css/bootstrap.css]
[frix.themes95.com/css/animate.css]
[frix.themes95.com/fonts/et-line.eot]
[frix.themes95.com/fonts/et-lined41d.eot]
[frix.themes95.com/fonts/et-line.woff]
[frix.themes95.com/fonts/et-line.ttf]
[frix.themes95.com/css/et-line-icons.css]
[frix.themes95.com/fonts/fontawesome-webfonte0a5.eot]
[frix.themes95.com/fonts/fontawesome-webfontd41d.eot]
[frix.themes95.com/fonts/fontawesome-webfonte0a5.woff2]
[frix.themes95.com/fonts/fontawesome-webfonte0a5.woff]
[frix.themes95.com/fonts/fontawesome-webfonte0a5.ttf]
[frix.themes95.com/css/font-awesome.min.css]
[frix.themes95.com/images/buy.png]
[frix.themes95.com/css/style.css]
[frix.themes95.com/css/responsive.css]
[frix.themes95.com/images/loader.svg]
[frix.themes95.com/index-2.html]
[frix.themes95.com/fonts/et-line.svg]
[frix.themes95.com/fonts/fontawesome-webfonte0a5.svg]
